Incident Identifier: 590314EA-C206-480E-86AB-AA65CBB20BEA
CrashReporter Key:   c799a3cc76a2edce0688cf9d6c52987d84b0dcd0
Hardware Model:      iPad6,3
Process:             Room Booking [595]
Path:                /private/var/containers/Bundle/Application/23326B2A-7596-4EB9-8AEB-2A47CE7716A7/Room Booking.app/Room Booking
Identifier:          bnym-booking-app
Version:             0.0.1 (0.0.1)
Code Type:           ARM-64 (Native)
Role:                Foreground
Parent Process:      launchd [1]
Coalition:           bnym-booking-app [512]


Date/Time:           2017-07-24 17:17:22.5268 -0700
Launch Time:         2017-07-17 13:08:33.9315 -0700
OS Version:          iPhone OS 10.3.2 (14F89)
Report Version:      104

Exception Type:  EXC_BAD_ACCESS (SIGSEGV)
Exception Subtype: KERN_INVALID_ADDRESS at 0x0000000af303bec8
Termination Signal: Segmentation fault: 11
Termination Reason: Namespace SIGNAL, Code 0xb
Terminating Process: exc handler [0]
Triggered by Thread:  4

Filtered syslog:
None found

Thread 0 name:  Dispatch queue: com.apple.main-thread
Thread 0:
0   libsystem_kernel.dylib        	0x0000000184c83224 mach_msg_trap + 8
1   libsystem_kernel.dylib        	0x0000000184c8309c mach_msg + 72
2   CoreFoundation                	0x0000000185c54e90 __CFRunLoopServiceMachPort + 192
3   CoreFoundation                	0x0000000185c52ae4 __CFRunLoopRun + 1060
4   CoreFoundation                	0x0000000185b82da4 CFRunLoopRunSpecific + 424
5   GraphicsServices              	0x00000001875ec074 GSEventRunModal + 100
6   UIKit                         	0x000000018be36058 UIApplicationMain + 208
7   Room Booking                  	0x00000001000fc9c4 main (main.m:32)
8   libdyld.dylib                 	0x0000000184b9159c start + 4

Thread 1 name:  com.apple.uikit.eventfetch-thread
Thread 1:
0   libsystem_kernel.dylib        	0x0000000184c83224 mach_msg_trap + 8
1   libsystem_kernel.dylib        	0x0000000184c8309c mach_msg + 72
2   CoreFoundation                	0x0000000185c54e90 __CFRunLoopServiceMachPort + 192
3   CoreFoundation                	0x0000000185c52ae4 __CFRunLoopRun + 1060
4   CoreFoundation                	0x0000000185b82da4 CFRunLoopRunSpecific + 424
5   Foundation                    	0x000000018669cd74 -[NSRunLoop(NSRunLoop) runMode:beforeDate:] + 304
6   Foundation                    	0x00000001866bdb44 -[NSRunLoop(NSRunLoop) runUntilDate:] + 96
7   UIKit                         	0x000000018c7c06a8 -[UIEventFetcher threadMain] + 136
8   Foundation                    	0x000000018679a2d8 __NSThread__start__ + 996
9   libsystem_pthread.dylib       	0x0000000184d6968c _pthread_body + 240
10  libsystem_pthread.dylib       	0x0000000184d6959c _pthread_body + 0
11  libsystem_pthread.dylib       	0x0000000184d66cb4 thread_start + 4

Thread 2 name:  com.apple.NSURLConnectionLoader
Thread 2:
0   libsystem_kernel.dylib        	0x0000000184c83224 mach_msg_trap + 8
1   libsystem_kernel.dylib        	0x0000000184c8309c mach_msg + 72
2   CoreFoundation                	0x0000000185c54e90 __CFRunLoopServiceMachPort + 192
3   CoreFoundation                	0x0000000185c52ae4 __CFRunLoopRun + 1060
4   CoreFoundation                	0x0000000185b82da4 CFRunLoopRunSpecific + 424
5   CFNetwork                     	0x000000018638edf4 +[NSURLConnection(Loader) _resourceLoadLoop:] + 404
6   Foundation                    	0x000000018679a2d8 __NSThread__start__ + 996
7   libsystem_pthread.dylib       	0x0000000184d6968c _pthread_body + 240
8   libsystem_pthread.dylib       	0x0000000184d6959c _pthread_body + 0
9   libsystem_pthread.dylib       	0x0000000184d66cb4 thread_start + 4

Thread 3:
0   libsystem_kernel.dylib        	0x0000000184ca1314 __semwait_signal + 8
1   libsystem_c.dylib             	0x0000000184bc08b0 nanosleep + 212
2   libc++.1.dylib                	0x00000001846d13c4 std::__1::this_thread::sleep_for(std::__1::chrono::duration<long long, std::__1::ratio<1l, 1000000000l> > const&) + 80
3   JavaScriptCore                	0x000000018a52edb8 void std::__1::this_thread::sleep_for<long long, std::__1::ratio<1l, 1000l> >(std::__1::chrono::duration<long long, std::__1::ratio<1l, 1000l> > const&) + 76
4   JavaScriptCore                	0x000000018a52ddf8 bmalloc::waitUntilFalse(std::__1::unique_lock<bmalloc::StaticMutex>&, std::__1::chrono::duration<long long, std::__1::ratio<1l, 1000l> >, bool&) + 128
5   JavaScriptCore                	0x000000018a52dc34 bmalloc::Heap::scavenge(std::__1::unique_lock<bmalloc::StaticMutex>&, std::__1::chrono::duration<long long, std::__1::ratio<1l, 1000l> >) + 60
6   JavaScriptCore                	0x000000018a52dadc bmalloc::Heap::concurrentScavenge() + 120
7   JavaScriptCore                	0x000000018a52eebc bmalloc::AsyncTask<bmalloc::Heap, void (bmalloc::Heap::*)()>::threadRunLoop() + 92
8   JavaScriptCore                	0x000000018a52ede8 std::__1::__shared_ptr_emplace<std::__1::mutex, std::__1::allocator<std::__1::mutex> >::~__shared_ptr_emplace() + 0
9   JavaScriptCore                	0x000000018a52f098 void* std::__1::__thread_proxy<std::__1::tuple<void (*)(bmalloc::AsyncTask<bmalloc::Heap, void (bmalloc::Heap::*)()>*), bmalloc::AsyncTask<bmalloc::Heap, void (bmalloc::Heap::*)()>*> >(void*) + 92
10  libsystem_pthread.dylib       	0x0000000184d6968c _pthread_body + 240
11  libsystem_pthread.dylib       	0x0000000184d6959c _pthread_body + 0
12  libsystem_pthread.dylib       	0x0000000184d66cb4 thread_start + 4

Thread 4 name:  WebThread
Thread 4 Crashed:
0   libobjc.A.dylib               	0x00000001847241a0 objc_retain + 16
1   UIKit                         	0x000000018bdc77b8 -[UIView(Hierarchy) subviews] + 152
2   UIKit                         	0x000000018c0cf04c -[UIView(CALayerDelegate) _wantsReapplicationOfAutoLayoutWithLayoutDirtyOnEntry:] + 72
3   UIKit                         	0x000000018bdce0b4 -[UIView(CALayerDelegate) layoutSublayersOfLayer:] + 1256
4   QuartzCore                    	0x0000000188fbe274 -[CALayer layoutSublayers] + 148
5   QuartzCore                    	0x0000000188fb2de8 CA::Layer::layout_if_needed(CA::Transaction*) + 292
6   QuartzCore                    	0x0000000188fb2ca8 CA::Layer::layout_and_display_if_needed(CA::Transaction*) + 32
7   QuartzCore                    	0x0000000188f2e34c CA::Context::commit_transaction(CA::Transaction*) + 252
8   QuartzCore                    	0x0000000188f553ac CA::Transaction::commit() + 504
9   QuartzCore                    	0x0000000188f55e78 CA::Transaction::observer_callback(__CFRunLoopObserver*, unsigned long, void*) + 120
10  CoreFoundation                	0x0000000185c549a8 __CFRUNLOOP_IS_CALLING_OUT_TO_AN_OBSERVER_CALLBACK_FUNCTION__ + 32
11  CoreFoundation                	0x0000000185c52630 __CFRunLoopDoObservers + 372
12  CoreFoundation                	0x0000000185c52a7c __CFRunLoopRun + 956
13  CoreFoundation                	0x0000000185b82da4 CFRunLoopRunSpecific + 424
14  WebCore                       	0x000000018a84d608 RunWebThread(void*) + 456
15  libsystem_pthread.dylib       	0x0000000184d6968c _pthread_body + 240
16  libsystem_pthread.dylib       	0x0000000184d6959c _pthread_body + 0
17  libsystem_pthread.dylib       	0x0000000184d66cb4 thread_start + 4

Thread 5 name:  IndexedDatabase Server
Thread 5:
0   libsystem_kernel.dylib        	0x0000000184ca0e1c __psynch_cvwait + 8
1   libsystem_pthread.dylib       	0x0000000184d68814 _pthread_cond_wait + 640
2   JavaScriptCore                	0x0000000189b828b4 WTF::ThreadCondition::timedWait(WTF::Mutex&, double) + 80
3   JavaScriptCore                	0x000000018a515b18 WTF::ParkingLot::parkConditionallyImpl(void const*, WTF::ScopedLambda<bool ()> const&, WTF::ScopedLambda<void ()> const&, WTF::TimeWithDynamicClockType const&) + 2256
4   WebCore                       	0x000000018a9beb20 bool WTF::ConditionBase::waitUntil<WTF::Lock>(WTF::Lock&, WTF::TimeWithDynamicClockType const&) + 172
5   WebCore                       	0x000000018adf9eb0 WTF::CrossThreadQueue<WTF::CrossThreadTask>::waitForMessage() + 116
6   WebCore                       	0x000000018adf7fd8 WebCore::IDBServer::IDBServer::databaseThreadEntry(void*) + 120
7   JavaScriptCore                	0x0000000189b7ee88 WTF::threadEntryPoint(void*) + 212
8   JavaScriptCore                	0x0000000189b7ed98 WTF::wtfThreadEntryPoint(void*) + 24
9   libsystem_pthread.dylib       	0x0000000184d6968c _pthread_body + 240
10  libsystem_pthread.dylib       	0x0000000184d6959c _pthread_body + 0
11  libsystem_pthread.dylib       	0x0000000184d66cb4 thread_start + 4

Thread 6 name:  WebCore: LocalStorage
Thread 6:
0   libsystem_kernel.dylib        	0x0000000184ca0e1c __psynch_cvwait + 8
1   libsystem_pthread.dylib       	0x0000000184d68814 _pthread_cond_wait + 640
2   JavaScriptCore                	0x0000000189b828b4 WTF::ThreadCondition::timedWait(WTF::Mutex&, double) + 80
3   JavaScriptCore                	0x000000018a515b18 WTF::ParkingLot::parkConditionallyImpl(void const*, WTF::ScopedLambda<bool ()> const&, WTF::ScopedLambda<void ()> const&, WTF::TimeWithDynamicClockType const&) + 2256
4   WebKitLegacy                  	0x000000018babd1b0 bool WTF::ConditionBase::waitUntil<WTF::Lock>(WTF::Lock&, WTF::TimeWithDynamicClockType const&) + 172
5   WebKitLegacy                  	0x000000018babfe48 std::__1::unique_ptr<WTF::Function<void ()>, std::__1::default_delete<WTF::Function<void ()> > > WTF::MessageQueue<WTF::Function<void ()> >::waitForMessageFilteredWithTimeout<WTF::MessageQueue<WTF::Function<void ()> >::waitForMessage()::'lambda'(WTF::Function<void ()> const&)>(WTF::MessageQueueWaitResult&, WTF::MessageQueue<WTF::Function<void ()> >::waitForMessage()::'lambda'(WTF::Function<void ()> const&)&&, WTF::WallTime) + 144
6   WebKitLegacy                  	0x000000018babf450 WebCore::StorageThread::threadEntryPoint() + 68
7   JavaScriptCore                	0x0000000189b7ee88 WTF::threadEntryPoint(void*) + 212
8   JavaScriptCore                	0x0000000189b7ed98 WTF::wtfThreadEntryPoint(void*) + 24
9   libsystem_pthread.dylib       	0x0000000184d6968c _pthread_body + 240
10  libsystem_pthread.dylib       	0x0000000184d6959c _pthread_body + 0
11  libsystem_pthread.dylib       	0x0000000184d66cb4 thread_start + 4

Thread 7:
0   libsystem_pthread.dylib       	0x0000000184d66ca8 start_wqthread + 0

Thread 8:
0   libsystem_pthread.dylib       	0x0000000184d66ca8 start_wqthread + 0

Thread 9:
0   libsystem_pthread.dylib       	0x0000000184d66ca8 start_wqthread + 0

Thread 10:
0   libsystem_pthread.dylib       	0x0000000184d66ca8 start_wqthread + 0

Thread 4 crashed with ARM Thread State (64-bit):
    x0: 0x000000017444a380   x1: 0x000000018c911988   x2: 0x0000000000000000   x3: 0x0000000170237240
    x4: 0x0000000000000000   x5: 0x0000000000000000   x6: 0x0000000170120b40   x7: 0x0000000000000000
    x8: 0x0000000af303bea8   x9: 0x000000018c911988  x10: 0x00000001368e9c00  x11: 0x000000a8000000ff
   x12: 0x00000001368ea480  x13: 0x000001a1ab563145  x14: 0x005ef800005ef800  x15: 0x0000000000000000
   x16: 0x00000001ab563140  x17: 0x000000018bdc7720  x18: 0x0000000000000000  x19: 0x00000001379e67a0
   x20: 0x00000001379e67e8  x21: 0x0000000000000000  x22: 0x0000000000000000  x23: 0x0000000000000000
   x24: 0x0000000000000098  x25: 0x0000000000000000  x26: 0x000000018c932c93  x27: 0x00000001aa36b654
   x28: 0x0000000000000000   fp: 0x000000016e358b00   lr: 0x000000018bdc77b8
    sp: 0x000000016e3589c0   pc: 0x00000001847241a0 cpsr: 0x80000000

Binary Images:
0x1000f8000 - 0x10020bfff Room Booking arm64  <4bc115e40fe930a78c37200b2419cf94> /var/containers/Bundle/Application/23326B2A-7596-4EB9-8AEB-2A47CE7716A7/Room Booking.app/Room Booking
0x100304000 - 0x100337fff dyld arm64  <a3339f99c2ea39d8beb70b8ff2e84061> /usr/lib/dyld
0x184688000 - 0x184689fff libSystem.B.dylib arm64  <2e9654eb84903bd7aee0815fd9d27591> /usr/lib/libSystem.B.dylib
0x18468a000 - 0x1846dffff libc++.1.dylib arm64  <da0f6a86db853140b2d79e3b36f28795> /usr/lib/libc++.1.dylib
0x1846e0000 - 0x1846fcfff libc++abi.dylib arm64  <5dc5ba28cfa43f838099049d17ba9ec6> /usr/lib/libc++abi.dylib
0x184700000 - 0x184addfff libobjc.A.dylib arm64  <85f3b59b96243690b138ce96e663bf4b> /usr/lib/libobjc.A.dylib
0x184ade000 - 0x184ae2fff libcache.dylib arm64  <5d1024035c983afdacc90dad2f0280ec> /usr/lib/system/libcache.dylib
0x184ae3000 - 0x184aeefff libcommonCrypto.dylib arm64  <0ca00f1d89553b9e8ad032310e8ecbb8> /usr/lib/system/libcommonCrypto.dylib
0x184aef000 - 0x184af2fff libcompiler_rt.dylib arm64  <771427d857db3158b2f7d971afa219c9> /usr/lib/system/libcompiler_rt.dylib
0x184af3000 - 0x184afafff libcopyfile.dylib arm64  <793e7046ae7c3b65b17d6e0d9fe975fd> /usr/lib/system/libcopyfile.dylib
0x184afb000 - 0x184b5cfff libcorecrypto.dylib arm64  <66d47f7529873633892967a26e598456> /usr/lib/system/libcorecrypto.dylib
0x184b5d000 - 0x184b8cfff libdispatch.dylib arm64  <1643bcf57daf389784dfcad8c485fd3e> /usr/lib/system/libdispatch.dylib
0x184b8d000 - 0x184b91fff libdyld.dylib arm64  <6c6a61f720cf30daa4a357cbefbf4cd6> /usr/lib/system/libdyld.dylib
0x184b92000 - 0x184b92fff liblaunch.dylib arm64  <1539b0564b4b34f78ab27c96400c3619> /usr/lib/system/liblaunch.dylib
0x184b93000 - 0x184b98fff libmacho.dylib arm64  <9434199c06b73b7090f38d0d0f6e6c20> /usr/lib/system/libmacho.dylib
0x184b99000 - 0x184b9afff libremovefile.dylib arm64  <2262f08800e630af981ed21f7240d32e> /usr/lib/system/libremovefile.dylib
0x184b9b000 - 0x184bb2fff libsystem_asl.dylib arm64  <8c876d02afeb3aa18e733bbdbfa074f9> /usr/lib/system/libsystem_asl.dylib
0x184bb3000 - 0x184bb3fff libsystem_blocks.dylib arm64  <45adbecbe4b93744911aa6314fbbc8ff> /usr/lib/system/libsystem_blocks.dylib
0x184bb4000 - 0x184c30fff libsystem_c.dylib arm64  <31008bfe57f7313a974fad1f76e24496> /usr/lib/system/libsystem_c.dylib
0x184c31000 - 0x184c35fff libsystem_configuration.dylib arm64  <99e65007dcd2368da0a7896f491ece18> /usr/lib/system/libsystem_configuration.dylib
0x184c36000 - 0x184c3bfff libsystem_containermanager.dylib arm64  <62636c63790b3c0d9cc115fc73d66ba2> /usr/lib/system/libsystem_containermanager.dylib
0x184c3c000 - 0x184c3dfff libsystem_coreservices.dylib arm64  <9eec7dc8a2d831639eaf9bd9b3e70377> /usr/lib/system/libsystem_coreservices.dylib
0x184c3e000 - 0x184c56fff libsystem_coretls.dylib arm64  <f7a5e11e082d37babe31812e9717fcf0> /usr/lib/system/libsystem_coretls.dylib
0x184c57000 - 0x184c5dfff libsystem_dnssd.dylib arm64  <9700821f537737e4b2f91607acb78aa7> /usr/lib/system/libsystem_dnssd.dylib
0x184c5e000 - 0x184c81fff libsystem_info.dylib arm64  <077e4a85b19f3b00b768a5eb34fe46b5> /usr/lib/system/libsystem_info.dylib
0x184c82000 - 0x184ca6fff libsystem_kernel.dylib arm64  <275624061b1a3ab391baf08b4ba58a97> /usr/lib/system/libsystem_kernel.dylib
0x184ca7000 - 0x184cd3fff libsystem_m.dylib arm64  <d8e9248df4523f35a7ac365dab827fba> /usr/lib/system/libsystem_m.dylib
0x184cd4000 - 0x184ceffff libsystem_malloc.dylib arm64  <56104290e798374188ef0da981dc3146> /usr/lib/system/libsystem_malloc.dylib
0x184cf0000 - 0x184d49fff libsystem_network.dylib arm64  <54ba9caf24023fd0ad569557ac08b1a6> /usr/lib/system/libsystem_network.dylib
0x184d4a000 - 0x184d53fff libsystem_networkextension.dylib arm64  <8aef40a6317b3062b40dc94d87f7d1bf> /usr/lib/system/libsystem_networkextension.dylib
0x184d54000 - 0x184d5efff libsystem_notify.dylib arm64  <1da4fe88c1ad31b6a5c7c2138f5d1c94> /usr/lib/system/libsystem_notify.dylib
0x184d5f000 - 0x184d65fff libsystem_platform.dylib arm64  <a0a582b8f653379e8ac7799e83c90b1f> /usr/lib/system/libsystem_platform.dylib
0x184d66000 - 0x184d6ffff libsystem_pthread.dylib arm64  <8f14c41e6536348a9b6ffd2a82be7d57> /usr/lib/system/libsystem_pthread.dylib
0x184d70000 - 0x184d73fff libsystem_sandbox.dylib arm64  <ac550550955c37c2b2e4022095b4b8de> /usr/lib/system/libsystem_sandbox.dylib
0x184d74000 - 0x184d7bfff libsystem_symptoms.dylib arm64  <39c51c9bffa030ef82de6c281436e836> /usr/lib/system/libsystem_symptoms.dylib
0x184d7c000 - 0x184d8efff libsystem_trace.dylib arm64  <3fdd15d2b2c33d68b8cc600d0482b5fd> /usr/lib/system/libsystem_trace.dylib
0x184d8f000 - 0x184d94fff libunwind.dylib arm64  <990bab05c7b333f3bfc274d5ea579b71> /usr/lib/system/libunwind.dylib
0x184d95000 - 0x184d95fff libvminterpose.dylib arm64  <dabe83c40ec235dfb7f0e8fe395e1844> /usr/lib/system/libvminterpose.dylib
0x184d96000 - 0x184dbcfff libxpc.dylib arm64  <7a12d1ee49b73e1eb582b9c359c7fe79> /usr/lib/system/libxpc.dylib
0x184dbd000 - 0x184fd2fff libicucore.A.dylib arm64  <d7b181cad9a438e7b6e010c2e4c8da5e> /usr/lib/libicucore.A.dylib
0x184fd3000 - 0x184fe4fff libz.1.dylib arm64  <ab0d683d7cf931e49e5456a420ced72e> /usr/lib/libz.1.dylib
0x185b7a000 - 0x185efbfff CoreFoundation arm64  <719044f95fe23ee0ab14504def42b100> /System/Library/Frameworks/CoreFoundation.framework/CoreFoundation
0x185efc000 - 0x185f0cfff libbsm.0.dylib arm64  <4f2930cfb67e3965a863f8bfb7704300> /usr/lib/libbsm.0.dylib
0x185f0d000 - 0x185f0dfff libenergytrace.dylib arm64  <5cfceffa0be736398124efbb3d80cbd1> /usr/lib/libenergytrace.dylib
0x185f0e000 - 0x185f89fff IOKit arm64  <6f72fc6ac9d2309dbf33c8b014c129d0> /System/Library/Frameworks/IOKit.framework/Versions/A/IOKit
0x185f8a000 - 0x185faafff libMobileGestalt.dylib arm64  <5674397d74c33492a16f51f6fd33f114> /usr/lib/libMobileGestalt.dylib
0x185fab000 - 0x186094fff libxml2.2.dylib arm64  <605bee9eb5ff3c43a65d251460f3650c> /usr/lib/libxml2.2.dylib
0x186095000 - 0x18612ffff Security arm64  <287bf21cb54734b9b91574ccb4e71436> /System/Library/Frameworks/Security.framework/Security
0x186130000 - 0x18619bfff SystemConfiguration arm64  <57d2eead9fcf34ecaa81c225ad8345e1> /System/Library/Frameworks/SystemConfiguration.framework/SystemConfiguration
0x18619c000 - 0x1862acfff libsqlite3.dylib arm64  <aa3a5cd643b43e40b5680d5a3758ab8f> /usr/lib/libsqlite3.dylib
0x1862ad000 - 0x186621fff CFNetwork arm64  <05331a42dd8b31cea6ef547eadc487cd> /System/Library/Frameworks/CFNetwork.framework/CFNetwork
0x186622000 - 0x18662ffff libbz2.1.0.dylib arm64  <29e1c06129583bb5b423bbfd7397c0e5> /usr/lib/libbz2.1.0.dylib
0x186630000 - 0x186648fff liblzma.5.dylib arm64  <eb9e235443573c948bcd016ea00a3709> /usr/lib/liblzma.5.dylib
0x186649000 - 0x186663fff libCRFSuite.dylib arm64  <a859d30f7de034a2bee5aa662bc5bc2d> /usr/lib/libCRFSuite.dylib
0x186664000 - 0x18668dfff libarchive.2.dylib arm64  <a31887c5b46a3b97ad308f4db869be43> /usr/lib/libarchive.2.dylib
0x18668e000 - 0x18668ffff liblangid.dylib arm64  <80d66702d7ce30b7b75c3f75472697eb> /usr/lib/liblangid.dylib
0x186690000 - 0x18695ffff Foundation arm64  <08e6a29fdbac38dd817c66cedf0e0052> /System/Library/Frameworks/Foundation.framework/Foundation
0x186960000 - 0x186a0bfff libBLAS.dylib arm64  <708d8599265c39d3881fc57c55bc982d> /System/Library/Frameworks/Accelerate.framework/Frameworks/vecLib.framework/libBLAS.dylib
0x186a0c000 - 0x186d3afff libLAPACK.dylib arm64  <96e5ce2234903263ad30c6398972d535> /System/Library/Frameworks/Accelerate.framework/Frameworks/vecLib.framework/libLAPACK.dylib
0x186d3b000 - 0x186fd5fff vImage arm64  <1f67094759de381898830a3692edff0f> /System/Library/Frameworks/Accelerate.framework/Frameworks/vImage.framework/vImage
0x186fd6000 - 0x186ffbfff libvMisc.dylib arm64  <3de044e80d883d6188e8ce8a8572ec5b> /System/Library/Frameworks/Accelerate.framework/Frameworks/vecLib.framework/libvMisc.dylib
0x186ffc000 - 0x187010fff libLinearAlgebra.dylib arm64  <37c71c692da03cc9a1534badab1cf6f4> /System/Library/Frameworks/Accelerate.framework/Frameworks/vecLib.framework/libLinearAlgebra.dylib
0x187011000 - 0x187022fff libSparseBLAS.dylib arm64  <2237c532ebe539f8ab93c181dfa1a291> /System/Library/Frameworks/Accelerate.framework/Frameworks/vecLib.framework/libSparseBLAS.dylib
0x187023000 - 0x187098fff libvDSP.dylib arm64  <0ced33b1008e357e9acb9d039cff697d> /System/Library/Frameworks/Accelerate.framework/Frameworks/vecLib.framework/libvDSP.dylib
0x187099000 - 0x187099fff vecLib arm64  <d21c98b0003235f99d247f4f934c7641> /System/Library/Frameworks/Accelerate.framework/Frameworks/vecLib.framework/vecLib
0x18709a000 - 0x18709afff Accelerate arm64  <f38de9acd0ba3a00a1c32fda7a240f38> /System/Library/Frameworks/Accelerate.framework/Accelerate
0x18709b000 - 0x1875dffff CoreGraphics arm64  <7d39f265eae8328f801705549c70e571> /System/Library/Frameworks/CoreGraphics.framework/CoreGraphics
0x1875e0000 - 0x1875f4fff GraphicsServices arm64  <b5749f3fa6f13ce689683db33f23256c> /System/Library/PrivateFrameworks/GraphicsServices.framework/GraphicsServices
0x1875f5000 - 0x187642fff AppSupport arm64  <2a60ffa70fa13031a1251b964802ad31> /System/Library/PrivateFrameworks/AppSupport.framework/AppSupport
0x187643000 - 0x187770fff MobileCoreServices arm64  <78cfd6fb54fa3b2abaa4006791ac96ca> /System/Library/Frameworks/MobileCoreServices.framework/MobileCoreServices
0x187771000 - 0x1877d2fff BaseBoard arm64  <ff0febbec86337aead2c18f8ac460dec> /System/Library/PrivateFrameworks/BaseBoard.framework/BaseBoard
0x1877d3000 - 0x1877e2fff AssertionServices arm64  <8ff92082f5833b7795af4a2200886ce2> /System/Library/PrivateFrameworks/AssertionServices.framework/AssertionServices
0x1877e3000 - 0x187810fff BackBoardServices arm64  <7bd5622615bb39cdba684e47e9bb8798> /System/Library/PrivateFrameworks/BackBoardServices.framework/BackBoardServices
0x187815000 - 0x187864fff FrontBoardServices arm64  <6adf5e0649313e35bd11d448eb071d17> /System/Library/PrivateFrameworks/FrontBoardServices.framework/FrontBoardServices
0x187868000 - 0x18789cfff SpringBoardServices arm64  <a5f42cadcaba3943953f5047533c2fe7> /System/Library/PrivateFrameworks/SpringBoardServices.framework/SpringBoardServices
0x18789d000 - 0x1878b7fff MobileKeyBag arm64  <51a5be975d3a37c2af8751a5b9124948> /System/Library/PrivateFrameworks/MobileKeyBag.framework/MobileKeyBag
0x1878b8000 - 0x1878c0fff IOSurface arm64  <acecdca025ff36b4b14159e52e2819dd> /System/Library/PrivateFrameworks/IOSurface.framework/IOSurface
0x1878c1000 - 0x1878ccfff liblockdown.dylib arm64  <3904292ecd513a0e85216e7c3abd1101> /usr/lib/liblockdown.dylib
0x1878cd000 - 0x1878e3fff CrashReporterSupport arm64  <b06bf5fa4c9b36f595a2a8ea4a84cca9> /System/Library/PrivateFrameworks/CrashReporterSupport.framework/CrashReporterSupport
0x1878e4000 - 0x1878e6fff IOSurfaceAccelerator arm64  <7dd37fd295f93ecfa89401bbbb418dbf> /System/Library/PrivateFrameworks/IOSurfaceAccelerator.framework/IOSurfaceAccelerator
0x1878e7000 - 0x187927fff AppleJPEG arm64  <d8b98c13f8d83200ad41d6b30d3c9c14> /System/Library/PrivateFrameworks/AppleJPEG.framework/AppleJPEG
0x187928000 - 0x187eb5fff ImageIO arm64  <9133dcebff4c3ab6807f96f884190cb5> /System/Library/Frameworks/ImageIO.framework/ImageIO
0x187eb6000 - 0x187ebcfff TCC arm64  <b11f764c841d3c69a50a6b0993735d43> /System/Library/PrivateFrameworks/TCC.framework/TCC
0x187ebd000 - 0x187ec1fff AggregateDictionary arm64  <fab7b20283e43d8aa268b7d051e3d521> /System/Library/PrivateFrameworks/AggregateDictionary.framework/AggregateDictionary
0x187ec2000 - 0x187ecefff PowerLog arm64  <a668cd2a3ad03c0291a9665f3151f946> /System/Library/PrivateFrameworks/PowerLog.framework/PowerLog
0x187ecf000 - 0x187f39fff libTelephonyUtilDynamic.dylib arm64  <a9cba41bffa83838b49c3f8ff2538f8a> /usr/lib/libTelephonyUtilDynamic.dylib
0x187f3a000 - 0x187f4cfff CommonUtilities arm64  <495171d174123535af0ff1751ef454b3> /System/Library/PrivateFrameworks/CommonUtilities.framework/CommonUtilities
0x187f4d000 - 0x187f62fff libcompression.dylib arm64  <c5e41b4a6cbf37fb87cd5cd44f6906b8> /usr/lib/libcompression.dylib
0x187f63000 - 0x1881fbfff CoreData arm64  <7574c4fafa7a33bf82e05d9fa01ed542> /System/Library/Frameworks/CoreData.framework/CoreData
0x1881fc000 - 0x188201fff libCoreVMClient.dylib arm64  <07e215340c3239fea6c469df55183bcd> /System/Library/Frameworks/OpenGLES.framework/libCoreVMClient.dylib
0x188202000 - 0x188207fff IOAccelerator arm64  <54e24860953b39ddbe13a2dcdf76c733> /System/Library/PrivateFrameworks/IOAccelerator.framework/IOAccelerator
0x188208000 - 0x188209fff libCVMSPluginSupport.dylib arm64  <02280e05346d31509d62ac2583f72857> /System/Library/Frameworks/OpenGLES.framework/libCVMSPluginSupport.dylib
0x18820a000 - 0x18820dfff libCoreFSCache.dylib arm64  <f5c0306167ea39b2b60185329c1a8bbb> /System/Library/Frameworks/OpenGLES.framework/libCoreFSCache.dylib
0x18820e000 - 0x18824ffff libGLImage.dylib arm64  <34bb7e96428f3c1abd6f0cbb2787b9e1> /System/Library/Frameworks/OpenGLES.framework/libGLImage.dylib
0x188250000 - 0x18825afff libGFXShared.dylib arm64  <d70b4c465ebe3a9e98c2b82ccf8fb7d7> /System/Library/Frameworks/OpenGLES.framework/libGFXShared.dylib
0x18825b000 - 0x188263fff IOMobileFramebuffer arm64  <e759626dff9439309f66279b3e4296ca> /System/Library/PrivateFrameworks/IOMobileFramebuffer.framework/IOMobileFramebuffer
0x188264000 - 0x188264fff libmetal_timestamp.dylib arm64  <b51cc6027bd833d4a2a80f0d1de8bc40> /System/Library/PrivateFrameworks/GPUCompiler.framework/libmetal_timestamp.dylib
0x188265000 - 0x1882c6fff Metal arm64  <0dc267ebbc333fcfa409b09544725b5f> /System/Library/Frameworks/Metal.framework/Metal
0x1882c7000 - 0x1882d1fff OpenGLES arm64  <d789825652ac31c78f1007fed0ff3777> /System/Library/Frameworks/OpenGLES.framework/OpenGLES
0x1882d2000 - 0x1882f6fff CoreVideo arm64  <ba0cdc15666b32f7be6f9fcd1528c7f1> /System/Library/Frameworks/CoreVideo.framework/CoreVideo
0x1882f7000 - 0x1882f9fff OAuth arm64  <56d873bb47973452a9fc41ee777f8d42> /System/Library/PrivateFrameworks/OAuth.framework/OAuth
0x1882fa000 - 0x188336fff Accounts arm64  <28b18304843b3350a829aaedc92b5a54> /System/Library/Frameworks/Accounts.framework/Accounts
0x188337000 - 0x188429fff libiconv.2.dylib arm64  <1db28a41c3a83551aad361a4e072fe33> /usr/lib/libiconv.2.dylib
0x18842a000 - 0x188577fff CoreAudio arm64  <34f7497d8b43383cb4021a8300855c94> /System/Library/Frameworks/CoreAudio.framework/CoreAudio
0x188578000 - 0x18857bfff UserFS arm64  <b8862d7a16d83d22954ab81b89743009> /System/Library/PrivateFrameworks/UserFS.framework/UserFS
0x18857c000 - 0x188689fff CoreMedia arm64  <8d8137d106813d32a14ce6e1f8384c08> /System/Library/Frameworks/CoreMedia.framework/CoreMedia
0x18868a000 - 0x188690fff libcupolicy.dylib arm64  <3964026e2c6f3eab9ea81b19ec10b7ed> /usr/lib/libcupolicy.dylib
0x188691000 - 0x18871afff CoreTelephony arm64  <84dcfae0a4713efc95beb71856f971aa> /System/Library/Frameworks/CoreTelephony.framework/CoreTelephony
0x18871b000 - 0x188828fff libFontParser.dylib arm64  <a7990cbb692b36a49280088c24b9ec2a> /System/Library/PrivateFrameworks/FontServices.framework/libFontParser.dylib
0x188829000 - 0x1888b8fff VideoToolbox arm64  <59e3d13a5d243b44abf10a5c4ba313f4> /System/Library/Frameworks/VideoToolbox.framework/VideoToolbox
0x1888b9000 - 0x1888b9fff FontServices arm64  <5a9fc52851583aac96b6745cf7aae370> /System/Library/PrivateFrameworks/FontServices.framework/FontServices
0x1888ba000 - 0x188a06fff CoreText arm64  <851f6498f833335fb35ec9e67515c2fb> /System/Library/Frameworks/CoreText.framework/CoreText
0x188a07000 - 0x188a21fff ProtocolBuffer arm64  <a3544981c8743eea875d5b7c7bc5b19b> /System/Library/PrivateFrameworks/ProtocolBuffer.framework/ProtocolBuffer
0x188a22000 - 0x188a4afff PersistentConnection arm64  <4a392539b9c33a47b69439638cfaac04> /System/Library/PrivateFrameworks/PersistentConnection.framework/PersistentConnection
0x188a4b000 - 0x188a51fff DataMigration arm64  <6cff1ebc13b332e3809b4722048c6ffb> /System/Library/PrivateFrameworks/DataMigration.framework/DataMigration
0x188a52000 - 0x188ea6fff AudioToolbox arm64  <0505b7dd6a033bf78117a8cd81a1101b> /System/Library/Frameworks/AudioToolbox.framework/AudioToolbox
0x188ea7000 - 0x189084fff QuartzCore arm64  <416a878f23c636fc8d81404ff7dd4fdc> /System/Library/Frameworks/QuartzCore.framework/QuartzCore
0x189085000 - 0x18908bfff Netrb arm64  <099e2ab3ae8e3a498e0e0a0f17e128a7> /System/Library/PrivateFrameworks/Netrb.framework/Netrb
0x18908c000 - 0x18909cfff libcmph.dylib arm64  <903e25509e37307e99af188ed1272633> /usr/lib/libcmph.dylib
0x18909d000 - 0x1890bdfff libmis.dylib arm64  <1a116c60b46a3781a68a9c27e9cf2653> /usr/lib/libmis.dylib
0x1890be000 - 0x1891affff LanguageModeling arm64  <c49bcbbac36d34308151388e8bf1a718> /System/Library/PrivateFrameworks/LanguageModeling.framework/LanguageModeling
0x1891b0000 - 0x1892a6fff ManagedConfiguration arm64  <0e15a8564caf3d47ab9b199770bf5cd2> /System/Library/PrivateFrameworks/ManagedConfiguration.framework/ManagedConfiguration
0x1892a7000 - 0x1892bdfff libmarisa.dylib arm64  <96c399295cb13cad829c93b5c29f0661> /usr/lib/libmarisa.dylib
0x1892be000 - 0x18938efff ProofReader arm64  <bb56e538be8835199a0abd263adb75f8> /System/Library/PrivateFrameworks/ProofReader.framework/ProofReader
0x18938f000 - 0x189399fff MediaAccessibility arm64  <17fe4943f5363a278cf9868db2623b9d> /System/Library/Frameworks/MediaAccessibility.framework/MediaAccessibility
0x18939a000 - 0x1893aafff MobileAsset arm64  <2a3a006162af37b79c3a6b2ab71344c6> /System/Library/PrivateFrameworks/MobileAsset.framework/MobileAsset
0x1893ab000 - 0x18941cfff ColorSync arm64  <996fd30495c33a64b17b87797c54aec2> /System/Library/PrivateFrameworks/ColorSync.framework/ColorSync
0x18941d000 - 0x18948dfff MetalPerformanceShaders arm64  <e78463e7ed8334909ae0968c5b4ddcbc> /System/Library/Frameworks/MetalPerformanceShaders.framework/MetalPerformanceShaders
0x18948e000 - 0x1898bdfff FaceCore arm64  <0179b0a45e4932e5967336ac40c0c4d8> /System/Library/PrivateFrameworks/FaceCore.framework/FaceCore
0x1898be000 - 0x18993afff Quagga arm64  <b3a2d704a9103e2e85e0d86e6bb6f0b2> /System/Library/PrivateFrameworks/Quagga.framework/Quagga
0x18993b000 - 0x189b04fff CoreImage arm64  <8c5c510a2d90361696f6a965b6b933a0> /System/Library/Frameworks/CoreImage.framework/CoreImage
0x189b05000 - 0x189b54fff TextInput arm64  <a1a56e91cb0534e8815a23fb6993b023> /System/Library/PrivateFrameworks/TextInput.framework/TextInput
0x189b55000 - 0x189b65fff libAccessibility.dylib arm64  <fbd694050c503c12a3e0e7dfb490b9df> /usr/lib/libAccessibility.dylib
0x189b75000 - 0x18a5b7fff JavaScriptCore arm64  <f4afe098cd9b33c2b3369773851e26b9> /System/Library/Frameworks/JavaScriptCore.framework/JavaScriptCore
0x18a5b8000 - 0x18a809fff StoreServices arm64  <7876e0b331c3380ab69b57e9bc5ece4b> /System/Library/PrivateFrameworks/StoreServices.framework/StoreServices
0x18a80a000 - 0x18b9fffff WebCore arm64  <d0a2b6b3b79434a08272968e20cd00a7> /System/Library/PrivateFrameworks/WebCore.framework/WebCore
0x18ba00000 - 0x18ba28fff libxslt.1.dylib arm64  <3edbcb1d6e1d33519db363daf35cfe1c> /usr/lib/libxslt.1.dylib
0x18ba29000 - 0x18bb95fff WebKitLegacy arm64  <a7feeddf725930858e5fe93e4e047bb5> /System/Library/PrivateFrameworks/WebKitLegacy.framework/WebKitLegacy
0x18bb96000 - 0x18bc5bfff CoreUI arm64  <0a25c84cf6183efead20a5cea30b98ad> /System/Library/PrivateFrameworks/CoreUI.framework/CoreUI
0x18bc5c000 - 0x18bc83fff DictionaryServices arm64  <dd7a3952ff63333ebe91d7eff8347628> /System/Library/PrivateFrameworks/DictionaryServices.framework/DictionaryServices
0x18bc84000 - 0x18bc87fff HangTracer arm64  <13e35bff690836b7b717f3f5ff690897> /System/Library/PrivateFrameworks/HangTracer.framework/HangTracer
0x18bc88000 - 0x18bcdcfff PhysicsKit arm64  <e53aecfb95ec3252986a82a83a3cafd1> /System/Library/PrivateFrameworks/PhysicsKit.framework/PhysicsKit
0x18bcdd000 - 0x18bdb4fff UIFoundation arm64  <db0623abf2243a578bd1e457f6877483> /System/Library/PrivateFrameworks/UIFoundation.framework/UIFoundation
0x18bdc1000 - 0x18cb68fff UIKit arm64  <4ad90348edcc3d21983f83490705f2aa> /System/Library/Frameworks/UIKit.framework/UIKit
0x18cb69000 - 0x18cb91fff CoreBluetooth arm64  <ced176702d7c37e6a9027eeb3fbf7f66> /System/Library/Frameworks/CoreBluetooth.framework/CoreBluetooth
0x18cb92000 - 0x18cbbafff DataAccessExpress arm64  <6c35e310019e35a38adba222a251f4fc> /System/Library/PrivateFrameworks/DataAccessExpress.framework/DataAccessExpress
0x18cbbb000 - 0x18cbdbfff NetworkStatistics arm64  <de6f2c537e8b32f19a14ca97b293394e> /System/Library/PrivateFrameworks/NetworkStatistics.framework/NetworkStatistics
0x18cbdc000 - 0x18cc65fff AddressBook arm64  <6ac637105605370a8cf1bf73e72447bf> /System/Library/Frameworks/AddressBook.framework/AddressBook
0x18cc66000 - 0x18cdc6fff CoreMotion arm64  <5add12fe99963d58a923e3151d02baea> /System/Library/Frameworks/CoreMotion.framework/CoreMotion
0x18cdc7000 - 0x18cdf1fff CacheDelete arm64  <b7d03ec01fa83f0c8c876884fb6a7b2a> /System/Library/PrivateFrameworks/CacheDelete.framework/CacheDelete
0x18cdf2000 - 0x18cdfffff CoreAUC arm64  <4ccece7ce6f53d4393588ca8af59f4cc> /System/Library/PrivateFrameworks/CoreAUC.framework/CoreAUC
0x18ce00000 - 0x18d36bfff MediaToolbox arm64  <6cca04ef0c203442a24e3613d286cd42> /System/Library/Frameworks/MediaToolbox.framework/MediaToolbox
0x18d36c000 - 0x18d519fff Celestial arm64  <3330c498b46631eeb90a642d377fae9b> /System/Library/PrivateFrameworks/Celestial.framework/Celestial
0x18d51a000 - 0x18d529fff IntlPreferences arm64  <09d66fe143483a389cd6f502e13da940> /System/Library/PrivateFrameworks/IntlPreferences.framework/IntlPreferences
0x18d52a000 - 0x18d52cfff CoreDuetDebugLogging arm64  <7e3ea6bf9d463951866292d973db6e6b> /System/Library/PrivateFrameworks/CoreDuetDebugLogging.framework/CoreDuetDebugLogging
0x18d52d000 - 0x18d541fff CoreDuetDaemonProtocol arm64  <9702905525c33e2880b00d957ad476c9> /System/Library/PrivateFrameworks/CoreDuetDaemonProtocol.framework/CoreDuetDaemonProtocol
0x18d542000 - 0x18d617fff CoreDuet arm64  <d436e43f1206320fbd75248b121358aa> /System/Library/PrivateFrameworks/CoreDuet.framework/CoreDuet
0x18d618000 - 0x18d7cefff AVFoundation arm64  <bf1a5ba30aa5384289fb3f8454ba0e22> /System/Library/Frameworks/AVFoundation.framework/AVFoundation
0x18d7cf000 - 0x18d803fff libtidy.A.dylib arm64  <2f48d4f92e6a3ff5b0509adff9b99ca4> /usr/lib/libtidy.A.dylib
0x18d804000 - 0x18d86afff IMFoundation arm64  <38ea4de43fbe399397e16b597d39ef1e> /System/Library/PrivateFrameworks/IMFoundation.framework/IMFoundation
0x18d86b000 - 0x18df0efff GeoServices arm64  <58b2dd08bd0f303cbbee0e58327e5c87> /System/Library/PrivateFrameworks/GeoServices.framework/GeoServices
0x18df0f000 - 0x18df10fff DiagnosticLogCollection arm64  <8c7cdc0581863d949fad12e1c002c80f> /System/Library/PrivateFrameworks/DiagnosticLogCollection.framework/DiagnosticLogCollection
0x18df11000 - 0x18df12fff Marco arm64  <9de14b0be5043a13ae11ce2b307d4352> /System/Library/PrivateFrameworks/Marco.framework/Marco
0x18df13000 - 0x18df98fff CoreLocation arm64  <527a5b7da22730e0ba1a17a74575990e> /System/Library/Frameworks/CoreLocation.framework/CoreLocation
0x18df99000 - 0x18df9efff ConstantClasses arm64  <d1824269bde13011a30bb20413b487c8> /System/Library/PrivateFrameworks/ConstantClasses.framework/ConstantClasses
0x18df9f000 - 0x18dfa9fff libChineseTokenizer.dylib arm64  <2b44c0ea1a91328084a953a9608c22a5> /usr/lib/libChineseTokenizer.dylib
0x18dfaa000 - 0x18e22ffff libmecabra.dylib arm64  <17155175f4ce3087bf4b7f03b74db034> /usr/lib/libmecabra.dylib
0x18e230000 - 0x18e282fff IDSFoundation arm64  <7f7fb39e2f1c38549a0f6a98ad72a35d> /System/Library/PrivateFrameworks/IDSFoundation.framework/IDSFoundation
0x18e283000 - 0x18e34bfff IDS arm64  <70d356bcf7223c3b88292e774b59302e> /System/Library/PrivateFrameworks/IDS.framework/IDS
0x18e34c000 - 0x18e36afff MediaServices arm64  <ae9e890161c13c02a11f9fcce775756d> /System/Library/PrivateFrameworks/MediaServices.framework/MediaServices
0x18e36b000 - 0x18e3aefff AuthKit arm64  <51f9f14dab343736aba127fc4c2fef4d> /System/Library/PrivateFrameworks/AuthKit.framework/AuthKit
0x18e3af000 - 0x18e3b4fff libheimdal-asn1.dylib arm64  <430155e3abb132b391e8bc0785b6cd70> /usr/lib/libheimdal-asn1.dylib
0x18e3b5000 - 0x18e489fff MediaRemote arm64  <54a5906be66238bc85148945148e5e08> /System/Library/PrivateFrameworks/MediaRemote.framework/MediaRemote
0x18e48a000 - 0x18e60efff MobileSpotlightIndex arm64  <85e4085a14363a6d9104565abe0d8ac9> /System/Library/PrivateFrameworks/MobileSpotlightIndex.framework/MobileSpotlightIndex
0x18e60f000 - 0x18e62efff PlugInKit arm64  <5fd199791bd034158ae690bd4b9ab1e1> /System/Library/PrivateFrameworks/PlugInKit.framework/PlugInKit
0x18e62f000 - 0x18e66bfff ProtectedCloudStorage arm64  <e05570a9e6bf32d7b7064e4bff2da280> /System/Library/PrivateFrameworks/ProtectedCloudStorage.framework/ProtectedCloudStorage
0x18e66c000 - 0x18e687fff libresolv.9.dylib arm64  <1d7a61761a42344b850150806bcb08a9> /usr/lib/libresolv.9.dylib
0x18e688000 - 0x18e69dfff ApplePushService arm64  <0af0362080153e92bf29b1b964417848> /System/Library/PrivateFrameworks/ApplePushService.framework/ApplePushService
0x18e69e000 - 0x18e6edfff ContactsFoundation arm64  <4834faa7e4d9338995744a0082f8c55c> /System/Library/PrivateFrameworks/ContactsFoundation.framework/ContactsFoundation
0x18e6ee000 - 0x18e6f0fff ParsecSubscriptionServiceSupport arm64  <ea48053b5880315388afdb188c44f9a3> /System/Library/PrivateFrameworks/ParsecSubscriptionServiceSupport.framework/ParsecSubscriptionServiceSupport
0x18e6f1000 - 0x18e7a4fff Contacts arm64  <958c7de2b63736d7a5a44b1935bd2950> /System/Library/Frameworks/Contacts.framework/Contacts
0x18e7a5000 - 0x18e7eefff CoreSpotlight arm64  <d82a303ae98f311ea76c1b2eb85ab42d> /System/Library/Frameworks/CoreSpotlight.framework/CoreSpotlight
0x18e7ef000 - 0x18e817fff vCard arm64  <7498fe2f006237ee95d1570b4fd377d4> /System/Library/PrivateFrameworks/vCard.framework/vCard
0x18e818000 - 0x18e8a4fff VoiceServices arm64  <581c48f7f95b38b7ad93bacd582afdda> /System/Library/PrivateFrameworks/VoiceServices.framework/VoiceServices
0x18e8a5000 - 0x18e8f4fff SAObjects arm64  <6f3a056e36c23779a775adf39afb410a> /System/Library/PrivateFrameworks/SAObjects.framework/SAObjects
0x18e991000 - 0x18ea33fff AssistantServices arm64  <a185851af66b3df599d663ac6b2ca2aa> /System/Library/PrivateFrameworks/AssistantServices.framework/AssistantServices
0x18eb37000 - 0x18eb53fff AppleIDSSOAuthentication arm64  <51e91fc9170931599eb79c311b1adc09> /System/Library/PrivateFrameworks/AppleIDSSOAuthentication.framework/AppleIDSSOAuthentication
0x18eb65000 - 0x18ebd8fff AppleAccount arm64  <419f55559f51314b9d6c53d03f353f19> /System/Library/PrivateFrameworks/AppleAccount.framework/AppleAccount
0x18ebd9000 - 0x18ebddfff CommunicationsFilter arm64  <88fe96f3e9bd3c928f0ce3b9e3609f22> /System/Library/PrivateFrameworks/CommunicationsFilter.framework/CommunicationsFilter
0x18ebde000 - 0x18ec03fff ChunkingLibrary arm64  <a5610db4cde33d18849623976460f536> /System/Library/PrivateFrameworks/ChunkingLibrary.framework/ChunkingLibrary
0x18ec04000 - 0x18ec0ffff CaptiveNetwork arm64  <cd8e42beb887325798304d0d01bd57b3> /System/Library/PrivateFrameworks/CaptiveNetwork.framework/CaptiveNetwork
0x18ec10000 - 0x18ec3efff EAP8021X arm64  <3a3aa5c4990e34879ca12e6f5e1de265> /System/Library/PrivateFrameworks/EAP8021X.framework/EAP8021X
0x18ec3f000 - 0x18ec46fff AssetCacheServices arm64  <ec37af1c81113876b331f36c6263a725> /System/Library/PrivateFrameworks/AssetCacheServices.framework/AssetCacheServices
0x18ec47000 - 0x18ed0ffff MMCS arm64  <5943d49acc423c058ef9b4147abe8b41> /System/Library/PrivateFrameworks/MMCS.framework/MMCS
0x18ed10000 - 0x18ed40fff MobileWiFi arm64  <2d66ac36f09f39c4ac0722873331d039> /System/Library/PrivateFrameworks/MobileWiFi.framework/MobileWiFi
0x18ed41000 - 0x18ed83fff ContentIndex arm64  <4e6fa126997f30cb8c0caf9ae4f0e63b> /System/Library/PrivateFrameworks/ContentIndex.framework/ContentIndex
0x18ed84000 - 0x18ed8cfff MobileIcons arm64  <13bd9809291e3839904878391f264665> /System/Library/PrivateFrameworks/MobileIcons.framework/MobileIcons
0x18ede1000 - 0x18ee11fff Bom arm64  <32b8ff158e563292bb052e36c903dbdd> /System/Library/PrivateFrameworks/Bom.framework/Bom
0x18ee12000 - 0x18ee1afff CertUI arm64  <cb4d90563707392e899956a3821b83ae> /System/Library/PrivateFrameworks/CertUI.framework/CertUI
0x18ee1b000 - 0x18ee6cfff FTServices arm64  <29a4eddd415830269083b141166e572d> /System/Library/PrivateFrameworks/FTServices.framework/FTServices
0x18ee6d000 - 0x18eecbfff CoreDAV arm64  <177ab5ce6c7e3061aeddeb7faf8bc41d> /System/Library/PrivateFrameworks/CoreDAV.framework/CoreDAV
0x18eedb000 - 0x18eef1fff UserManagement arm64  <40ac399d20df3c0e9c438d1c212beb4f> /System/Library/PrivateFrameworks/UserManagement.framework/UserManagement
0x18eef2000 - 0x18efb9fff CorePDF arm64  <ef1ec23787d03e2b97a39e89764281f9> /System/Library/PrivateFrameworks/CorePDF.framework/CorePDF
0x18efba000 - 0x18efeefff iCalendar arm64  <5bb9085e143b383db506a50934df271c> /System/Library/PrivateFrameworks/iCalendar.framework/iCalendar
0x18eff7000 - 0x18f055fff CalendarFoundation arm64  <d9d4b20dd9623e4e8831ca80a9f94797> /System/Library/PrivateFrameworks/CalendarFoundation.framework/CalendarFoundation
0x18f056000 - 0x18f05cfff IncomingCallFilter arm64  <fa4c35f3369b3160afb960b05375380c> /System/Library/PrivateFrameworks/IncomingCallFilter.framework/IncomingCallFilter
0x18f158000 - 0x18f1f1fff CalendarDatabase arm64  <b36f47675dc836dfb3ea9101226ba62e> /System/Library/PrivateFrameworks/CalendarDatabase.framework/CalendarDatabase
0x18f1f2000 - 0x18f237fff CalendarDaemon arm64  <1c5280642d4d365cac44cbb0cb2127af> /System/Library/PrivateFrameworks/CalendarDaemon.framework/CalendarDaemon
0x18f238000 - 0x18f308fff EventKit arm64  <aeca0fb6ca6531c68c5388e26f71d66d> /System/Library/Frameworks/EventKit.framework/EventKit
0x18f309000 - 0x18f641fff WebKit arm64  <e21373bf39a93e75bebaff8fa2b03658> /System/Library/Frameworks/WebKit.framework/WebKit
0x18f642000 - 0x18f68dfff WebBookmarks arm64  <b190a03110d835aba39b9a39f8855001> /System/Library/PrivateFrameworks/WebBookmarks.framework/WebBookmarks
0x18f68e000 - 0x18f7d2fff ContactsUI arm64  <31a25a9458cf380fbc3f78c00d447586> /System/Library/Frameworks/ContactsUI.framework/ContactsUI
0x18f7d3000 - 0x18ffa4fff ModelIO arm64  <fd3a8c97e2c831f1930e3b6504e01e73> /System/Library/Frameworks/ModelIO.framework/ModelIO
0x18ffa5000 - 0x18ffabfff DAAPKit arm64  <fbf1424a544b3c4fb6a917d95bc7eaf0> /System/Library/PrivateFrameworks/DAAPKit.framework/DAAPKit
0x190032000 - 0x1900cbfff TelephonyUtilities arm64  <3f25558a2d413e89945afe66bcf88eb7> /System/Library/PrivateFrameworks/TelephonyUtilities.framework/TelephonyUtilities
0x1900cc000 - 0x1900fcfff GLKit arm64  <19bc88c1484837f8917d1b6ebeb8f432> /System/Library/Frameworks/GLKit.framework/GLKit
0x1900fd000 - 0x19036dfff MusicLibrary arm64  <d82d6c2a89733868a3919d72266778f3> /System/Library/PrivateFrameworks/MusicLibrary.framework/MusicLibrary
0x1903ad000 - 0x190484fff AddressBookUI arm64  <381f7b67a71c3e57a975bbc88e3b2046> /System/Library/Frameworks/AddressBookUI.framework/AddressBookUI
0x190485000 - 0x190561fff CloudKit arm64  <e20611e33e9f3e708171900528be44e1> /System/Library/Frameworks/CloudKit.framework/CloudKit
0x190562000 - 0x1905d8fff iTunesStore arm64  <ce72159db23032379460e91ee94f2bd9> /System/Library/PrivateFrameworks/iTunesStore.framework/iTunesStore
0x1905d9000 - 0x1905dffff CloudPhotoServices arm64  <8de95cd9eb9c3941ad9348dc323bbd82> /System/Library/PrivateFrameworks/CloudPhotoServices.framework/CloudPhotoServices
0x1905e0000 - 0x1906d6fff CloudPhotoLibrary arm64  <3183a58c4b8739e5bd61501dababa798> /System/Library/PrivateFrameworks/CloudPhotoLibrary.framework/CloudPhotoLibrary
0x19072f000 - 0x190757fff AssetsLibraryServices arm64  <a1f91416a79731e192e96ff9f7e6a9f9> /System/Library/PrivateFrameworks/AssetsLibraryServices.framework/AssetsLibraryServices
0x190758000 - 0x1907f4fff HomeSharing arm64  <7919fa86104c3f9ea4e5c3b7131a857c> /System/Library/PrivateFrameworks/HomeSharing.framework/HomeSharing
0x1907f5000 - 0x190823fff ACTFramework arm64  <d0dbf6b0c7253e30b8d55be12b11d409> /System/Library/PrivateFrameworks/ACTFramework.framework/ACTFramework
0x190824000 - 0x19082ffff DCIMServices arm64  <14a4ff27549d33ca8f53de8d463b39c7> /System/Library/PrivateFrameworks/DCIMServices.framework/DCIMServices
0x190830000 - 0x19095ffff CoreMediaStream arm64  <3533cce3157433488535bdfa0cb13785> /System/Library/PrivateFrameworks/CoreMediaStream.framework/CoreMediaStream
0x190960000 - 0x190979fff PhotosFormats arm64  <a541a7d13e8f39d388646bcca30d5da3> /System/Library/PrivateFrameworks/PhotosFormats.framework/PhotosFormats
0x19097a000 - 0x190981fff XPCKit arm64  <db3b46de1c973673aef44874014248c2> /System/Library/PrivateFrameworks/XPCKit.framework/XPCKit
0x190982000 - 0x190d59fff MediaPlayer arm64  <e212e3ca659630b4879b8972f82c4143> /System/Library/Frameworks/MediaPlayer.framework/MediaPlayer
0x190d5a000 - 0x190e3ffff CameraKit arm64  <573a74738cc13b64aa19c96a125bfac7> /System/Library/PrivateFrameworks/CameraKit.framework/CameraKit
0x190e40000 - 0x190e47fff CoreTime arm64  <df8f9d6720bd3d13ba5c58e7251c5078> /System/Library/PrivateFrameworks/CoreTime.framework/CoreTime
0x190e48000 - 0x190e64fff MediaStream arm64  <624779663a7b3643830a30e280c86db6> /System/Library/PrivateFrameworks/MediaStream.framework/MediaStream
0x190e65000 - 0x191202fff PhotoLibraryServices arm64  <a9ff7bee826b3701a1e97ad63168cdc8> /System/Library/PrivateFrameworks/PhotoLibraryServices.framework/PhotoLibraryServices
0x191203000 - 0x191239fff PrototypeTools arm64  <48fdbf6299283a2da4bba73617b42398> /System/Library/PrivateFrameworks/PrototypeTools.framework/PrototypeTools
0x19123a000 - 0x1912a7fff libprotobuf.dylib arm64  <9c108882e95c3003a9140280a9da8250> /usr/lib/libprotobuf.dylib
0x1912cd000 - 0x191380fff BulletinBoard arm64  <44cdfd8ea198358bab97ec16ecac4b0c> /System/Library/PrivateFrameworks/BulletinBoard.framework/BulletinBoard
0x191662000 - 0x19169bfff ToneLibrary arm64  <fbfc95f3aecc34e2957f58251776e7cd> /System/Library/PrivateFrameworks/ToneLibrary.framework/ToneLibrary
0x1916c8000 - 0x1916f9fff DataDetectorsCore arm64  <a6010e00f70239889cbdaaaf2325df0d> /System/Library/PrivateFrameworks/DataDetectorsCore.framework/DataDetectorsCore
0x191708000 - 0x191968fff libAWDSupportFramework.dylib arm64  <2c1184b25c6130d29445782aa1fe9b73> /usr/lib/libAWDSupportFramework.dylib
0x1919ab000 - 0x1919ebfff WirelessDiagnostics arm64  <8aab71ecbfba39c78621cdf43f93a4d2> /System/Library/PrivateFrameworks/WirelessDiagnostics.framework/WirelessDiagnostics
0x1919ec000 - 0x191b00fff Photos arm64  <367ccc47c5a5357dbc463bc65f55e5cf> /System/Library/Frameworks/Photos.framework/Photos
0x191bbf000 - 0x191bd8fff GenerationalStorage arm64  <f5a8cfac70a030158a4b78636167e8e8> /System/Library/PrivateFrameworks/GenerationalStorage.framework/GenerationalStorage
0x191bd9000 - 0x191be4fff CoreRecents arm64  <a7313c413ca031469295d08361d050c8> /System/Library/PrivateFrameworks/CoreRecents.framework/CoreRecents
0x191ce5000 - 0x191cf8fff AssetsLibrary arm64  <75a7169f5751312c844ec6af3151310d> /System/Library/Frameworks/AssetsLibrary.framework/AssetsLibrary
0x191d34000 - 0x19233dfff VectorKit arm64  <46931b40954a3084aa1b079551e5f7fe> /System/Library/PrivateFrameworks/VectorKit.framework/VectorKit
0x19233e000 - 0x192552fff MapKit arm64  <18958686f1433e8a8396bb857c1b326e> /System/Library/Frameworks/MapKit.framework/MapKit
0x192574000 - 0x192587fff QuickLookThumbnailing arm64  <8fcfe48a383932d3ac030e591d9fd710> /System/Library/PrivateFrameworks/QuickLookThumbnailing.framework/QuickLookThumbnailing
0x19268d000 - 0x192724fff QuickLook arm64  <f5c1ccd1af4a37ad949fa9199c295299> /System/Library/Frameworks/QuickLook.framework/QuickLook
0x19289f000 - 0x192918fff libnetwork.dylib arm64  <a1d866db069538fc90aaae3ca1ccb13d> /usr/lib/libnetwork.dylib
0x19292c000 - 0x1929acfff Network arm64  <e962fe80d3ee3497a52d0644c99aafb6> /System/Library/PrivateFrameworks/Network.framework/Network
0x1929b3000 - 0x192a55fff Social arm64  <85e9498a4a403e3680f7d483829eb1a2> /System/Library/Frameworks/Social.framework/Social
0x192b7b000 - 0x192b91fff FTAWD arm64  <3f976dcde4a0365ab3d4b2fed519daec> /System/Library/PrivateFrameworks/FTAWD.framework/FTAWD
0x192bfb000 - 0x192d62fff IMCore arm64  <ee9f18af9a013418ba6dcbaf8f14e359> /System/Library/PrivateFrameworks/IMCore.framework/IMCore
0x192dc6000 - 0x192e1dfff ImageCapture arm64  <9935d2a0e4b63b45ac88f970fceefaef> /System/Library/PrivateFrameworks/ImageCapture.framework/ImageCapture
0x192e1e000 - 0x192e33fff iPhotoMigrationSupport arm64  <057b078031dc3e168168bb1a89105384> /System/Library/PrivateFrameworks/iPhotoMigrationSupport.framework/iPhotoMigrationSupport
0x192e34000 - 0x192e55fff SharedUtils arm64  <5efefae8445237a192c77b1a69673630> /System/Library/Frameworks/LocalAuthentication.framework/Support/SharedUtils.framework/SharedUtils
0x192e66000 - 0x192ef7fff PhotoLibrary arm64  <1f6fb623554c3998a2f5d75a2bedb7bd> /System/Library/PrivateFrameworks/PhotoLibrary.framework/PhotoLibrary
0x193107000 - 0x193119fff LocalAuthentication arm64  <d2e6290a22cf386082fb0e5c60853370> /System/Library/Frameworks/LocalAuthentication.framework/LocalAuthentication
0x19311a000 - 0x193150fff CalendarUIKit arm64  <08f68693246e357d99029051cedeced1> /System/Library/PrivateFrameworks/CalendarUIKit.framework/CalendarUIKit
0x193187000 - 0x193196fff SetupAssistant arm64  <41fe545b1f8d3269bfc2b618b407491f> /System/Library/PrivateFrameworks/SetupAssistant.framework/SetupAssistant
0x1931c6000 - 0x193388fff EventKitUI arm64  <8388f3c646a43fa4be3ded4ecbe9eed7> /System/Library/Frameworks/EventKitUI.framework/EventKitUI
0x193389000 - 0x19340efff CoreRecognition arm64  <7beb9c6183be3dc6b29b2cfe35f1de3d> /System/Library/PrivateFrameworks/CoreRecognition.framework/CoreRecognition
0x19343f000 - 0x193470fff Pegasus arm64  <26e597b5dc1a30b99fa2a6ec018d6f12> /System/Library/PrivateFrameworks/Pegasus.framework/Pegasus
0x193535000 - 0x19357dfff AVKit arm64  <76fd7471346238998e97fee971d297c0> /System/Library/Frameworks/AVKit.framework/AVKit
0x193678000 - 0x1938a2fff SafariShared arm64  <69608db41c5537139a9cda8eec44212d> /System/Library/PrivateFrameworks/SafariShared.framework/SafariShared
0x1938a3000 - 0x1938b5fff SiriTasks arm64  <4eece10e8c503eb6937273a0cd92d6b4> /System/Library/PrivateFrameworks/SiriTasks.framework/SiriTasks
0x193a84000 - 0x193b34fff IMAVCore arm64  <06a1ced658c234d3801ded6983cfeb1d> /System/Library/PrivateFrameworks/IMAVCore.framework/IMAVCore
0x193b35000 - 0x193bb7fff PhotoEditSupport arm64  <65070c36d3d437188b44dcbbde0188d6> /System/Library/PrivateFrameworks/PhotoEditSupport.framework/PhotoEditSupport
0x1941a3000 - 0x1941dbfff WebUI arm64  <7b7d689b6aff37a8bfbbe88b53b05a89> /System/Library/PrivateFrameworks/WebUI.framework/WebUI
0x194207000 - 0x194679fff PhotosUI arm64  <28c0c4976ed63b27b632d301eb0e69d1> /System/Library/Frameworks/PhotosUI.framework/PhotosUI
0x19467a000 - 0x194733fff SafariServices arm64  <68b72f0bab643acbba5823929f3307f0> /System/Library/Frameworks/SafariServices.framework/SafariServices
0x19517b000 - 0x1951b5fff DataDetectorsUI arm64  <48a53690e8e63afa8037cb2900d05537> /System/Library/PrivateFrameworks/DataDetectorsUI.framework/DataDetectorsUI
0x19589b000 - 0x1958ccfff WirelessProximity arm64  <cd9dbf0a74b6378d8670d534902b72a9> /System/Library/PrivateFrameworks/WirelessProximity.framework/WirelessProximity
0x195b3f000 - 0x195bb8fff CoreHandwriting arm64  <b5c97769df6837e9bb67f3479377c1d9> /System/Library/PrivateFrameworks/CoreHandwriting.framework/CoreHandwriting
0x195cc6000 - 0x195d5afff MediaPlatform arm64  <4dc66da5850f30e18409990cce613dea> /System/Library/PrivateFrameworks/MediaPlatform.framework/MediaPlatform
0x196830000 - 0x19688efff CoreBrightness arm64  <3cbc7c04794738d3a761dde2fd830fd1> /System/Library/PrivateFrameworks/CoreBrightness.framework/CoreBrightness
0x196bbd000 - 0x196ceafff StoreServicesCore arm64  <e872abc10c0a3a89b2585bbaffaea1e0> /System/Library/PrivateFrameworks/StoreServicesCore.framework/StoreServicesCore
0x196fc7000 - 0x197025fff CoreSuggestions arm64  <f1de0ca70b5e3d648710bf6a8421a4bb> /System/Library/PrivateFrameworks/CoreSuggestions.framework/CoreSuggestions
0x197229000 - 0x197686fff MediaLibraryCore arm64  <05c6f35e7b813ff5be616b42cafb29a3> /System/Library/PrivateFrameworks/MediaLibraryCore.framework/MediaLibraryCore
0x197cdd000 - 0x197de0fff AnnotationKit arm64  <b59b2c115e8638bf9ac03997dfc87c23> /System/Library/PrivateFrameworks/AnnotationKit.framework/AnnotationKit
0x19a4ad000 - 0x19a74efff RawCamera arm64  <c17e0a4e109d30e5bd15bc8c920340ad> /System/Library/CoreServices/RawCamera.bundle/RawCamera
0x19a77d000 - 0x19a791fff libCGInterfaces.dylib arm64  <8d96c27fbf1235749dd2907472688e89> /System/Library/Frameworks/Accelerate.framework/Frameworks/vImage.framework/Libraries/libCGInterfaces.dylib
0x19b687000 - 0x19b695fff AppleFSCompression arm64  <9ce16a16e20c35f5be292f251083c30d> /System/Library/PrivateFrameworks/AppleFSCompression.framework/AppleFSCompression
0x19b696000 - 0x19b6a1fff AppleIDAuthSupport arm64  <73d34b108f8634649e3ef934de89d6dd> /System/Library/PrivateFrameworks/AppleIDAuthSupport.framework/AppleIDAuthSupport
0x19c385000 - 0x19c3aafff CoreServicesInternal arm64  <3c2db4f07ea232358a78e76307363ba0> /System/Library/PrivateFrameworks/CoreServicesInternal.framework/CoreServicesInternal
0x19c6ee000 - 0x19c6f9fff DiagnosticExtensions arm64  <c5ac1caf553435e29b6c8bbde3fccc87> /System/Library/PrivateFrameworks/DiagnosticExtensions.framework/DiagnosticExtensions
0x19caa8000 - 0x19cab4fff libGSFontCache.dylib arm64  <ad96a7db4ef337a1919ef9e4f24ce96a> /System/Library/PrivateFrameworks/FontServices.framework/libGSFontCache.dylib
0x19cab5000 - 0x19cae6fff libTrueTypeScaler.dylib arm64  <b675e879d4b032ba8ad24e7e78818463> /System/Library/PrivateFrameworks/FontServices.framework/libTrueTypeScaler.dylib
0x19da77000 - 0x19daa8fff MarkupUI arm64  <d0225015d8dd34d4a8129fdb73d19163> /System/Library/PrivateFrameworks/MarkupUI.framework/MarkupUI
0x19de69000 - 0x19de72fff MobileStorage arm64  <4f2138550b173213a7310f7f0ee4255f> /System/Library/PrivateFrameworks/MobileStorage.framework/MobileStorage
0x19e5bc000 - 0x19e5eafff SafariSafeBrowsing arm64  <10783b74fb5131bf85fd3fbbe0b7c235> /System/Library/PrivateFrameworks/SafariSafeBrowsing.framework/SafariSafeBrowsing
0x19e9a3000 - 0x19e9a8fff TextInputUI arm64  <6a4759a2652537418870bb45e66496a5> /System/Library/PrivateFrameworks/TextInputUI.framework/TextInputUI
0x19f12f000 - 0x19f2fefff libFosl_dynamic.dylib arm64  <8e1668637c423351a9b8f75d3db4e1bd> /usr/lib/libFosl_dynamic.dylib
0x19f2ff000 - 0x19f309fff libMobileGestaltExtensions.dylib arm64  <c84971521e73337b92f4e3efabae2eb6> /usr/lib/libMobileGestaltExtensions.dylib
0x19f71a000 - 0x19f74cfff libpcap.A.dylib arm64  <5b50b83d66ba3127ab8bfb9d7773aeab> /usr/lib/libpcap.A.dylib
0x19f787000 - 0x19f857fff AVFAudio arm64  <82aeee0bc85835348e3b6113e5f0f7dc> /System/Library/Frameworks/AVFoundation.framework/Frameworks/AVFAudio.framework/AVFAudio
0x19f858000 - 0x19f861fff ProactiveEventTracker arm64  <66b41160346f344b8b7685ea37bf7d3f> /System/Library/PrivateFrameworks/ProactiveEventTracker.framework/ProactiveEventTracker
0x19f862000 - 0x19f9f8fff Intents arm64  <c55c244eff3a3b568972131160de46a0> /System/Library/Frameworks/Intents.framework/Intents
0x19f9f9000 - 0x19fa4ffff CallKit arm64  <6657e6ec77cf338495c410ed354c4b1f> /System/Library/Frameworks/CallKit.framework/CallKit
0x19fb39000 - 0x19fb5cfff UserNotifications arm64  <dea565113b183df0a2d4cd6a375f3142> /System/Library/Frameworks/UserNotifications.framework/UserNotifications
0x19fb6f000 - 0x19fb7dfff PersonaKit arm64  <dffe49e16fb6322e98e7a30d94e46c85> /System/Library/PrivateFrameworks/PersonaKit.framework/PersonaKit
0x19fb7e000 - 0x19fd79fff CVML arm64  <5f9674bf32dc36c186c2d9f0808de562> /System/Library/PrivateFrameworks/CVML.framework/CVML
0x19fd7a000 - 0x19fda5fff IMSharedUtilities arm64  <e0fe962dd17531348fafce3f67315132> /System/Library/PrivateFrameworks/IMSharedUtilities.framework/IMSharedUtilities
0x19fe7c000 - 0x19ff30fff Navigation arm64  <f0b936f873723d8c98980d34674cc274> /System/Library/PrivateFrameworks/Navigation.framework/Navigation
0x19ffeb000 - 0x1a0016fff Pasteboard arm64  <524e5f899a9836c5a45b76c5ef4cae9a> /System/Library/PrivateFrameworks/Pasteboard.framework/Pasteboard
0x1a002f000 - 0x1a00d2fff TextureIO arm64  <a427c8b881e43dad8d3c812bc418d731> /System/Library/PrivateFrameworks/TextureIO.framework/TextureIO
0x1a0600000 - 0x1a0649fff ContactsUICore arm64  <3a022fafb1dc3fe4a790384482e64dbb> /System/Library/PrivateFrameworks/ContactsUICore.framework/ContactsUICore
0x1a068f000 - 0x1a06a3fff EmojiFoundation arm64  <2dbf33d95d573f3aafc459d5f9114fff> /System/Library/PrivateFrameworks/EmojiFoundation.framework/EmojiFoundation
0x1a0e93000 - 0x1a0eaffff SearchFoundation arm64  <d19e096971f83e0c964c11a18af298f0> /System/Library/PrivateFrameworks/SearchFoundation.framework/SearchFoundation
0x1a14f8000 - 0x1a158bfff AGXMetalA9 arm64  <1ae4b0e121ae3101a7e74486656e029f> /System/Library/Extensions/AGXMetalA9.bundle/AGXMetalA9
0x1a15aa000 - 0x1a15bcfff libBNNS.dylib arm64  <7b15b1fd47de37cc94234f1279febec2> /System/Library/Frameworks/Accelerate.framework/Frameworks/vecLib.framework/libBNNS.dylib
0x1a15bd000 - 0x1a15c1fff libQuadrature.dylib arm64  <6142532815973d5f9292892fb7c2c353> /System/Library/Frameworks/Accelerate.framework/Frameworks/vecLib.framework/libQuadrature.dylib
0x1a1766000 - 0x1a1815fff VideoSubscriberAccount arm64  <db12c708fb563513b3e00a14cba742fc> /System/Library/Frameworks/VideoSubscriberAccount.framework/VideoSubscriberAccount
0x1a192a000 - 0x1a193bfff CoreEmoji arm64  <02de2177a2a83b389b2d8796f9576d41> /System/Library/PrivateFrameworks/CoreEmoji.framework/CoreEmoji
0x1a193c000 - 0x1a1954fff CoreInterest arm64  <6b5923f92d6b314cb81a4cade6e8839c> /System/Library/PrivateFrameworks/CoreInterest.framework/CoreInterest
0x1a1ae5000 - 0x1a1b60fff CoreParsec arm64  <7a3da299a96738069b666ca0fd9b81d5> /System/Library/PrivateFrameworks/CoreParsec.framework/CoreParsec
0x1a1bcd000 - 0x1a1bfefff DifferentialPrivacy arm64  <a3a5dda0a94f3a9fb6c0c2bd56622c53> /System/Library/PrivateFrameworks/DifferentialPrivacy.framework/DifferentialPrivacy
0x1a1e40000 - 0x1a1e40fff IntentsFoundation arm64  <640a622a48173a91829abcded6d8ac51> /System/Library/PrivateFrameworks/IntentsFoundation.framework/IntentsFoundation
0x1a1f29000 - 0x1a1f87fff Montreal arm64  <25e1575da1f737bc99c2464a31a83104> /System/Library/PrivateFrameworks/Montreal.framework/Montreal
0x1a1f88000 - 0x1a2054fff NLP arm64  <9162fa12a5ab3325a413c57dad3dce48> /System/Library/PrivateFrameworks/NLP.framework/NLP
0x1a20c2000 - 0x1a2131fff PDFKit arm64  <e07de53a151530278d1c200f00a5481f> /System/Library/PrivateFrameworks/PDFKit.framework/PDFKit
0x1a2629000 - 0x1a2895fff PhotosUICore arm64  <d677645c344e3b7da934c8b2dea9f992> /System/Library/PrivateFrameworks/PhotosUICore.framework/PhotosUICore
0x1a2903000 - 0x1a291ffff SafariCore arm64  <a4fbcf5bca44315ea33f98e416f2eaea> /System/Library/PrivateFrameworks/SafariCore.framework/SafariCore
0x1a2ae4000 - 0x1a2ae9fff SymptomDiagnosticReporter arm64  <23b4b5547e8433289e9fc4757ae5eb17> /System/Library/PrivateFrameworks/SymptomDiagnosticReporter.framework/SymptomDiagnosticReporter
0x1a31df000 - 0x1a3257fff libate.dylib arm64  <8f60d460abd031edaf8477a229c4006c> /usr/lib/libate.dylib
0x1a3258000 - 0x1a3258fff libcoretls.dylib arm64  <852a1f8d67063962b6699bd608ee1eef> /usr/lib/libcoretls.dylib
0x1a3259000 - 0x1a325afff libcoretls_cfhelpers.dylib arm64  <85a72486fa0e376f8b14a6d19375a1b6> /usr/lib/libcoretls_cfhelpers.dylib

EOF

:wq


